This file contains any messages produced by compilers while
running configure, to aid debugging if configure makes a mistake.

It was created by PROPHet configure 1.0, which was
generated by GNU Autoconf 2.69.  Invocation command line was

  $ ./configure 

## --------- ##
## Platform. ##
## --------- ##

hostname = lutz
uname -m = x86_64
uname -r = 3.13.0-46-generic
uname -s = Linux
uname -v = #79-Ubuntu SMP Tue Mar 10 20:06:50 UTC 2015

/usr/bin/uname -p = unknown
/bin/uname -X     = unknown

/bin/arch              = unknown
/usr/bin/arch -k       = unknown
/usr/convex/getsysinfo = unknown
/usr/bin/hostinfo      = unknown
/bin/machine           = unknown
/usr/bin/oslevel       = unknown
/bin/universe          = unknown

PATH: /home/bkolb/bin
PATH: /usr/local/sbin
PATH: /usr/local/bin
PATH: /usr/sbin
PATH: /usr/bin
PATH: /sbin
PATH: /bin
PATH: /usr/games
PATH: /usr/local/games
PATH: /usr/local/cuda/bin


## ----------- ##
## Core tests. ##
## ----------- ##

configure:2336: checking whether to compile using MPI
configure:2343: result: yes
configure:2399: checking for mpic++
configure:2415: found /usr/bin/mpic++
configure:2426: result: mpic++
configure:2564: checking for C++ compiler version
configure:2573: mpic++ --version >&5
g++ (Ubuntu 4.8.4-2ubuntu1~14.04) 4.8.4
Copyright (C) 2013 Free Software Foundation, Inc.
This is free software; see the source for copying conditions.  There is NO
warranty; not even for MERCHANTABILITY or FITNESS FOR A PARTICULAR PURPOSE.

configure:2584: $? = 0
configure:2573: mpic++ -v >&5
Using built-in specs.
COLLECT_GCC=/usr/bin/g++
COLLECT_LTO_WRAPPER=/usr/lib/gcc/x86_64-linux-gnu/4.8/lto-wrapper
Target: x86_64-linux-gnu
Configured with: ../src/configure -v --with-pkgversion='Ubuntu 4.8.4-2ubuntu1~14.04' --with-bugurl=file:///usr/share/doc/gcc-4.8/README.Bugs --enable-languages=c,c++,java,go,d,fortran,objc,obj-c++ --prefix=/usr --program-suffix=-4.8 --enable-shared --enable-linker-build-id --libexecdir=/usr/lib --without-included-gettext --enable-threads=posix --with-gxx-include-dir=/usr/include/c++/4.8 --libdir=/usr/lib --enable-nls --with-sysroot=/ --enable-clocale=gnu --enable-libstdcxx-debug --enable-libstdcxx-time=yes --enable-gnu-unique-object --disable-libmudflap --enable-plugin --with-system-zlib --disable-browser-plugin --enable-java-awt=gtk --enable-gtk-cairo --with-java-home=/usr/lib/jvm/java-1.5.0-gcj-4.8-amd64/jre --enable-java-home --with-jvm-root-dir=/usr/lib/jvm/java-1.5.0-gcj-4.8-amd64 --with-jvm-jar-dir=/usr/lib/jvm-exports/java-1.5.0-gcj-4.8-amd64 --with-arch-directory=amd64 --with-ecj-jar=/usr/share/java/eclipse-ecj.jar --enable-objc-gc --enable-multiarch --disable-werror --with-arch-32=i686 --with-abi=m64 --with-multilib-list=m32,m64,mx32 --with-tune=generic --enable-checking=release --build=x86_64-linux-gnu --host=x86_64-linux-gnu --target=x86_64-linux-gnu
Thread model: posix
gcc version 4.8.4 (Ubuntu 4.8.4-2ubuntu1~14.04) 
configure:2584: $? = 0
configure:2573: mpic++ -V >&5
g++: error: unrecognized command line option '-V'
g++: fatal error: no input files
compilation terminated.
configure:2584: $? = 4
configure:2573: mpic++ -qversion >&5
g++: error: unrecognized command line option '-qversion'
g++: fatal error: no input files
compilation terminated.
configure:2584: $? = 4
configure:2604: checking whether the C++ compiler works
configure:2626: mpic++    conftest.cpp  >&5
configure:2630: $? = 0
configure:2678: result: yes
configure:2681: checking for C++ compiler default output file name
configure:2683: result: a.out
configure:2689: checking for suffix of executables
configure:2696: mpic++ -o conftest    conftest.cpp  >&5
configure:2700: $? = 0
configure:2722: result: 
configure:2744: checking whether we are cross compiling
configure:2752: mpic++ -o conftest    conftest.cpp  >&5
configure:2756: $? = 0
configure:2763: ./conftest
configure:2767: $? = 0
configure:2782: result: no
configure:2787: checking for suffix of object files
configure:2809: mpic++ -c   conftest.cpp >&5
configure:2813: $? = 0
configure:2834: result: o
configure:2838: checking whether we are using the GNU C++ compiler
configure:2857: mpic++ -c   conftest.cpp >&5
configure:2857: $? = 0
configure:2866: result: yes
configure:2875: checking whether mpic++ accepts -g
configure:2895: mpic++ -c -g  conftest.cpp >&5
configure:2895: $? = 0
configure:2936: result: yes
configure:2987: checking for function MPI_Init
configure:3008: mpic++ -o conftest -g -O2   conftest.cpp  >&5
configure:3008: $? = 0
configure:3015: result: yes
configure:3026: checking for mpi.h
configure:3039: mpic++ -c -g -O2  conftest.cpp >&5
configure:3039: $? = 0
configure:3040: result: yes
configure:3114: checking for gawk
configure:3130: found /usr/bin/gawk
configure:3141: result: gawk
configure:3195: checking for a BSD-compatible install
configure:3263: result: /usr/bin/install -c
configure:3274: checking whether make sets $(MAKE)
configure:3296: result: yes
configure:3305: checking whether ln -s works
configure:3309: result: yes
configure:3324: checking for XOpenDisplay in -lX11
configure:3349: mpic++ -o conftest -g -O2   conftest.cpp -lX11   >&5
configure:3349: $? = 0
configure:3358: result: yes
configure:3373: checking for XawPanedGetMinMax in -lXaw
configure:3398: mpic++ -o conftest -g -O2   conftest.cpp -lXaw  -lX11  >&5
/usr/bin/ld: cannot find -lXaw
collect2: error: ld returned 1 exit status
configure:3398: $? = 1
configure: failed program was:
| /* confdefs.h */
| #define PACKAGE_NAME "PROPHet"
| #define PACKAGE_TARNAME "prophet"
| #define PACKAGE_VERSION "1.0"
| #define PACKAGE_STRING "PROPHet 1.0"
| #define PACKAGE_BUGREPORT "PROPhet-bugs@mit.edu"
| #define PACKAGE_URL ""
| #define HAVE_LIBX11 1
| /* end confdefs.h.  */
| 
| /* Override any GCC internal prototype to avoid an error.
|    Use char because int might match the return type of a GCC
|    builtin and then its argument prototype would still apply.  */
| #ifdef __cplusplus
| extern "C"
| #endif
| char XawPanedGetMinMax ();
| int
| main ()
| {
| return XawPanedGetMinMax ();
|   ;
|   return 0;
| }
configure:3407: result: no
configure:3418: checking for yn in -lm
configure:3443: mpic++ -o conftest -g -O2   conftest.cpp -lm  -lX11  >&5
configure:3443: $? = 0
configure:3452: result: yes
configure:3476: checking how to run the C++ preprocessor
configure:3503: mpic++ -E  conftest.cpp
configure:3503: $? = 0
configure:3517: mpic++ -E  conftest.cpp
conftest.cpp:11:28: fatal error: ac_nonexistent.h: No such file or directory
 #include <ac_nonexistent.h>
                            ^
compilation terminated.
configure:3517: $? = 1
configure: failed program was:
| /* confdefs.h */
| #define PACKAGE_NAME "PROPHet"
| #define PACKAGE_TARNAME "prophet"
| #define PACKAGE_VERSION "1.0"
| #define PACKAGE_STRING "PROPHet 1.0"
| #define PACKAGE_BUGREPORT "PROPhet-bugs@mit.edu"
| #define PACKAGE_URL ""
| #define HAVE_LIBX11 1
| #define HAVE_LIBM 1
| /* end confdefs.h.  */
| #include <ac_nonexistent.h>
configure:3542: result: mpic++ -E
configure:3562: mpic++ -E  conftest.cpp
configure:3562: $? = 0
configure:3576: mpic++ -E  conftest.cpp
conftest.cpp:11:28: fatal error: ac_nonexistent.h: No such file or directory
 #include <ac_nonexistent.h>
                            ^
compilation terminated.
configure:3576: $? = 1
configure: failed program was:
| /* confdefs.h */
| #define PACKAGE_NAME "PROPHet"
| #define PACKAGE_TARNAME "prophet"
| #define PACKAGE_VERSION "1.0"
| #define PACKAGE_STRING "PROPHet 1.0"
| #define PACKAGE_BUGREPORT "PROPhet-bugs@mit.edu"
| #define PACKAGE_URL ""
| #define HAVE_LIBX11 1
| #define HAVE_LIBM 1
| /* end confdefs.h.  */
| #include <ac_nonexistent.h>
configure:3605: checking for grep that handles long lines and -e
configure:3663: result: /bin/grep
configure:3668: checking for egrep
configure:3730: result: /bin/grep -E
configure:3735: checking for ANSI C header files
configure:3755: mpic++ -c -g -O2  conftest.cpp >&5
configure:3755: $? = 0
configure:3828: mpic++ -o conftest -g -O2   conftest.cpp -lm -lX11  >&5
configure:3828: $? = 0
configure:3828: ./conftest
configure:3828: $? = 0
configure:3839: result: yes
configure:3852: checking for sys/types.h
configure:3852: mpic++ -c -g -O2  conftest.cpp >&5
configure:3852: $? = 0
configure:3852: result: yes
configure:3852: checking for sys/stat.h
configure:3852: mpic++ -c -g -O2  conftest.cpp >&5
configure:3852: $? = 0
configure:3852: result: yes
configure:3852: checking for stdlib.h
configure:3852: mpic++ -c -g -O2  conftest.cpp >&5
configure:3852: $? = 0
configure:3852: result: yes
configure:3852: checking for string.h
configure:3852: mpic++ -c -g -O2  conftest.cpp >&5
configure:3852: $? = 0
configure:3852: result: yes
configure:3852: checking for memory.h
configure:3852: mpic++ -c -g -O2  conftest.cpp >&5
configure:3852: $? = 0
configure:3852: result: yes
configure:3852: checking for strings.h
configure:3852: mpic++ -c -g -O2  conftest.cpp >&5
configure:3852: $? = 0
configure:3852: result: yes
configure:3852: checking for inttypes.h
configure:3852: mpic++ -c -g -O2  conftest.cpp >&5
configure:3852: $? = 0
configure:3852: result: yes
configure:3852: checking for stdint.h
configure:3852: mpic++ -c -g -O2  conftest.cpp >&5
configure:3852: $? = 0
configure:3852: result: yes
configure:3852: checking for unistd.h
configure:3852: mpic++ -c -g -O2  conftest.cpp >&5
configure:3852: $? = 0
configure:3852: result: yes
configure:3864: checking for stdbool.h that conforms to C99
configure:3931: mpic++ -c -g -O2  conftest.cpp >&5
configure:3931: $? = 0
configure:3938: result: yes
configure:3940: checking for _Bool
configure:3940: mpic++ -c -g -O2  conftest.cpp >&5
conftest.cpp: In function 'int main()':
conftest.cpp:57:13: error: '_Bool' was not declared in this scope
 if (sizeof (_Bool))
             ^
configure:3940: $? = 1
configure: failed program was:
| /* confdefs.h */
| #define PACKAGE_NAME "PROPHet"
| #define PACKAGE_TARNAME "prophet"
| #define PACKAGE_VERSION "1.0"
| #define PACKAGE_STRING "PROPHet 1.0"
| #define PACKAGE_BUGREPORT "PROPhet-bugs@mit.edu"
| #define PACKAGE_URL ""
| #define HAVE_LIBX11 1
| #define HAVE_LIBM 1
| #define STDC_HEADERS 1
| #define HAVE_SYS_TYPES_H 1
| #define HAVE_SYS_STAT_H 1
| #define HAVE_STDLIB_H 1
| #define HAVE_STRING_H 1
| #define HAVE_MEMORY_H 1
| #define HAVE_STRINGS_H 1
| #define HAVE_INTTYPES_H 1
| #define HAVE_STDINT_H 1
| #define HAVE_UNISTD_H 1
| /* end confdefs.h.  */
| #include <stdio.h>
| #ifdef HAVE_SYS_TYPES_H
| # include <sys/types.h>
| #endif
| #ifdef HAVE_SYS_STAT_H
| # include <sys/stat.h>
| #endif
| #ifdef STDC_HEADERS
| # include <stdlib.h>
| # include <stddef.h>
| #else
| # ifdef HAVE_STDLIB_H
| #  include <stdlib.h>
| # endif
| #endif
| #ifdef HAVE_STRING_H
| # if !defined STDC_HEADERS && defined HAVE_MEMORY_H
| #  include <memory.h>
| # endif
| # include <string.h>
| #endif
| #ifdef HAVE_STRINGS_H
| # include <strings.h>
| #endif
| #ifdef HAVE_INTTYPES_H
| # include <inttypes.h>
| #endif
| #ifdef HAVE_STDINT_H
| # include <stdint.h>
| #endif
| #ifdef HAVE_UNISTD_H
| # include <unistd.h>
| #endif
| int
| main ()
| {
| if (sizeof (_Bool))
| 	 return 0;
|   ;
|   return 0;
| }
configure:3940: result: no
configure:3951: checking for inline
configure:3967: mpic++ -c -g -O2  conftest.cpp >&5
configure:3967: $? = 0
configure:3975: result: inline
configure:3993: checking for int16_t
configure:3993: mpic++ -c -g -O2  conftest.cpp >&5
configure:3993: $? = 0
configure:3993: mpic++ -c -g -O2  conftest.cpp >&5
conftest.cpp: In function 'int main()':
conftest.cpp:59:58: error: size of array 'test_array' is negative
    < (int16_t) (((((int16_t) 1 << N) << N) - 1) * 2 + 2))];
                                                          ^
configure:3993: $? = 1
configure: failed program was:
| /* confdefs.h */
| #define PACKAGE_NAME "PROPHet"
| #define PACKAGE_TARNAME "prophet"
| #define PACKAGE_VERSION "1.0"
| #define PACKAGE_STRING "PROPHet 1.0"
| #define PACKAGE_BUGREPORT "PROPhet-bugs@mit.edu"
| #define PACKAGE_URL ""
| #define HAVE_LIBX11 1
| #define HAVE_LIBM 1
| #define STDC_HEADERS 1
| #define HAVE_SYS_TYPES_H 1
| #define HAVE_SYS_STAT_H 1
| #define HAVE_STDLIB_H 1
| #define HAVE_STRING_H 1
| #define HAVE_MEMORY_H 1
| #define HAVE_STRINGS_H 1
| #define HAVE_INTTYPES_H 1
| #define HAVE_STDINT_H 1
| #define HAVE_UNISTD_H 1
| /* end confdefs.h.  */
| #include <stdio.h>
| #ifdef HAVE_SYS_TYPES_H
| # include <sys/types.h>
| #endif
| #ifdef HAVE_SYS_STAT_H
| # include <sys/stat.h>
| #endif
| #ifdef STDC_HEADERS
| # include <stdlib.h>
| # include <stddef.h>
| #else
| # ifdef HAVE_STDLIB_H
| #  include <stdlib.h>
| # endif
| #endif
| #ifdef HAVE_STRING_H
| # if !defined STDC_HEADERS && defined HAVE_MEMORY_H
| #  include <memory.h>
| # endif
| # include <string.h>
| #endif
| #ifdef HAVE_STRINGS_H
| # include <strings.h>
| #endif
| #ifdef HAVE_INTTYPES_H
| # include <inttypes.h>
| #endif
| #ifdef HAVE_STDINT_H
| # include <stdint.h>
| #endif
| #ifdef HAVE_UNISTD_H
| # include <unistd.h>
| #endif
| 	        enum { N = 16 / 2 - 1 };
| int
| main ()
| {
| static int test_array [1 - 2 * !((int16_t) (((((int16_t) 1 << N) << N) - 1) * 2 + 1)
| 		 < (int16_t) (((((int16_t) 1 << N) << N) - 1) * 2 + 2))];
| test_array [0] = 0;
| return test_array [0];
| 
|   ;
|   return 0;
| }
configure:3993: result: yes
configure:4004: checking for int32_t
configure:4004: mpic++ -c -g -O2  conftest.cpp >&5
configure:4004: $? = 0
configure:4004: mpic++ -c -g -O2  conftest.cpp >&5
conftest.cpp: In function 'int main()':
conftest.cpp:59:55: warning: integer overflow in expression [-Woverflow]
    < (int32_t) (((((int32_t) 1 << N) << N) - 1) * 2 + 2))];
                                                       ^
conftest.cpp:59:58: error: size of array 'test_array' is negative
    < (int32_t) (((((int32_t) 1 << N) << N) - 1) * 2 + 2))];
                                                          ^
configure:4004: $? = 1
configure: failed program was:
| /* confdefs.h */
| #define PACKAGE_NAME "PROPHet"
| #define PACKAGE_TARNAME "prophet"
| #define PACKAGE_VERSION "1.0"
| #define PACKAGE_STRING "PROPHet 1.0"
| #define PACKAGE_BUGREPORT "PROPhet-bugs@mit.edu"
| #define PACKAGE_URL ""
| #define HAVE_LIBX11 1
| #define HAVE_LIBM 1
| #define STDC_HEADERS 1
| #define HAVE_SYS_TYPES_H 1
| #define HAVE_SYS_STAT_H 1
| #define HAVE_STDLIB_H 1
| #define HAVE_STRING_H 1
| #define HAVE_MEMORY_H 1
| #define HAVE_STRINGS_H 1
| #define HAVE_INTTYPES_H 1
| #define HAVE_STDINT_H 1
| #define HAVE_UNISTD_H 1
| /* end confdefs.h.  */
| #include <stdio.h>
| #ifdef HAVE_SYS_TYPES_H
| # include <sys/types.h>
| #endif
| #ifdef HAVE_SYS_STAT_H
| # include <sys/stat.h>
| #endif
| #ifdef STDC_HEADERS
| # include <stdlib.h>
| # include <stddef.h>
| #else
| # ifdef HAVE_STDLIB_H
| #  include <stdlib.h>
| # endif
| #endif
| #ifdef HAVE_STRING_H
| # if !defined STDC_HEADERS && defined HAVE_MEMORY_H
| #  include <memory.h>
| # endif
| # include <string.h>
| #endif
| #ifdef HAVE_STRINGS_H
| # include <strings.h>
| #endif
| #ifdef HAVE_INTTYPES_H
| # include <inttypes.h>
| #endif
| #ifdef HAVE_STDINT_H
| # include <stdint.h>
| #endif
| #ifdef HAVE_UNISTD_H
| # include <unistd.h>
| #endif
| 	        enum { N = 32 / 2 - 1 };
| int
| main ()
| {
| static int test_array [1 - 2 * !((int32_t) (((((int32_t) 1 << N) << N) - 1) * 2 + 1)
| 		 < (int32_t) (((((int32_t) 1 << N) << N) - 1) * 2 + 2))];
| test_array [0] = 0;
| return test_array [0];
| 
|   ;
|   return 0;
| }
configure:4004: result: yes
configure:4015: checking for int64_t
configure:4015: mpic++ -c -g -O2  conftest.cpp >&5
configure:4015: $? = 0
configure:4015: mpic++ -c -g -O2  conftest.cpp >&5
conftest.cpp: In function 'int main()':
conftest.cpp:59:55: warning: integer overflow in expression [-Woverflow]
    < (int64_t) (((((int64_t) 1 << N) << N) - 1) * 2 + 2))];
                                                       ^
conftest.cpp:59:58: error: size of array 'test_array' is negative
    < (int64_t) (((((int64_t) 1 << N) << N) - 1) * 2 + 2))];
                                                          ^
configure:4015: $? = 1
configure: failed program was:
| /* confdefs.h */
| #define PACKAGE_NAME "PROPHet"
| #define PACKAGE_TARNAME "prophet"
| #define PACKAGE_VERSION "1.0"
| #define PACKAGE_STRING "PROPHet 1.0"
| #define PACKAGE_BUGREPORT "PROPhet-bugs@mit.edu"
| #define PACKAGE_URL ""
| #define HAVE_LIBX11 1
| #define HAVE_LIBM 1
| #define STDC_HEADERS 1
| #define HAVE_SYS_TYPES_H 1
| #define HAVE_SYS_STAT_H 1
| #define HAVE_STDLIB_H 1
| #define HAVE_STRING_H 1
| #define HAVE_MEMORY_H 1
| #define HAVE_STRINGS_H 1
| #define HAVE_INTTYPES_H 1
| #define HAVE_STDINT_H 1
| #define HAVE_UNISTD_H 1
| /* end confdefs.h.  */
| #include <stdio.h>
| #ifdef HAVE_SYS_TYPES_H
| # include <sys/types.h>
| #endif
| #ifdef HAVE_SYS_STAT_H
| # include <sys/stat.h>
| #endif
| #ifdef STDC_HEADERS
| # include <stdlib.h>
| # include <stddef.h>
| #else
| # ifdef HAVE_STDLIB_H
| #  include <stdlib.h>
| # endif
| #endif
| #ifdef HAVE_STRING_H
| # if !defined STDC_HEADERS && defined HAVE_MEMORY_H
| #  include <memory.h>
| # endif
| # include <string.h>
| #endif
| #ifdef HAVE_STRINGS_H
| # include <strings.h>
| #endif
| #ifdef HAVE_INTTYPES_H
| # include <inttypes.h>
| #endif
| #ifdef HAVE_STDINT_H
| # include <stdint.h>
| #endif
| #ifdef HAVE_UNISTD_H
| # include <unistd.h>
| #endif
| 	        enum { N = 64 / 2 - 1 };
| int
| main ()
| {
| static int test_array [1 - 2 * !((int64_t) (((((int64_t) 1 << N) << N) - 1) * 2 + 1)
| 		 < (int64_t) (((((int64_t) 1 << N) << N) - 1) * 2 + 2))];
| test_array [0] = 0;
| return test_array [0];
| 
|   ;
|   return 0;
| }
configure:4015: result: yes
configure:4026: checking for int8_t
configure:4026: mpic++ -c -g -O2  conftest.cpp >&5
configure:4026: $? = 0
configure:4026: mpic++ -c -g -O2  conftest.cpp >&5
conftest.cpp: In function 'int main()':
conftest.cpp:59:56: error: size of array 'test_array' is negative
    < (int8_t) (((((int8_t) 1 << N) << N) - 1) * 2 + 2))];
                                                        ^
configure:4026: $? = 1
configure: failed program was:
| /* confdefs.h */
| #define PACKAGE_NAME "PROPHet"
| #define PACKAGE_TARNAME "prophet"
| #define PACKAGE_VERSION "1.0"
| #define PACKAGE_STRING "PROPHet 1.0"
| #define PACKAGE_BUGREPORT "PROPhet-bugs@mit.edu"
| #define PACKAGE_URL ""
| #define HAVE_LIBX11 1
| #define HAVE_LIBM 1
| #define STDC_HEADERS 1
| #define HAVE_SYS_TYPES_H 1
| #define HAVE_SYS_STAT_H 1
| #define HAVE_STDLIB_H 1
| #define HAVE_STRING_H 1
| #define HAVE_MEMORY_H 1
| #define HAVE_STRINGS_H 1
| #define HAVE_INTTYPES_H 1
| #define HAVE_STDINT_H 1
| #define HAVE_UNISTD_H 1
| /* end confdefs.h.  */
| #include <stdio.h>
| #ifdef HAVE_SYS_TYPES_H
| # include <sys/types.h>
| #endif
| #ifdef HAVE_SYS_STAT_H
| # include <sys/stat.h>
| #endif
| #ifdef STDC_HEADERS
| # include <stdlib.h>
| # include <stddef.h>
| #else
| # ifdef HAVE_STDLIB_H
| #  include <stdlib.h>
| # endif
| #endif
| #ifdef HAVE_STRING_H
| # if !defined STDC_HEADERS && defined HAVE_MEMORY_H
| #  include <memory.h>
| # endif
| # include <string.h>
| #endif
| #ifdef HAVE_STRINGS_H
| # include <strings.h>
| #endif
| #ifdef HAVE_INTTYPES_H
| # include <inttypes.h>
| #endif
| #ifdef HAVE_STDINT_H
| # include <stdint.h>
| #endif
| #ifdef HAVE_UNISTD_H
| # include <unistd.h>
| #endif
| 	        enum { N = 8 / 2 - 1 };
| int
| main ()
| {
| static int test_array [1 - 2 * !((int8_t) (((((int8_t) 1 << N) << N) - 1) * 2 + 1)
| 		 < (int8_t) (((((int8_t) 1 << N) << N) - 1) * 2 + 2))];
| test_array [0] = 0;
| return test_array [0];
| 
|   ;
|   return 0;
| }
configure:4026: result: yes
configure:4037: checking for pid_t
configure:4037: mpic++ -c -g -O2  conftest.cpp >&5
configure:4037: $? = 0
configure:4037: mpic++ -c -g -O2  conftest.cpp >&5
conftest.cpp: In function 'int main()':
conftest.cpp:57:19: error: expected primary-expression before ')' token
 if (sizeof ((pid_t)))
                   ^
configure:4037: $? = 1
configure: failed program was:
| /* confdefs.h */
| #define PACKAGE_NAME "PROPHet"
| #define PACKAGE_TARNAME "prophet"
| #define PACKAGE_VERSION "1.0"
| #define PACKAGE_STRING "PROPHet 1.0"
| #define PACKAGE_BUGREPORT "PROPhet-bugs@mit.edu"
| #define PACKAGE_URL ""
| #define HAVE_LIBX11 1
| #define HAVE_LIBM 1
| #define STDC_HEADERS 1
| #define HAVE_SYS_TYPES_H 1
| #define HAVE_SYS_STAT_H 1
| #define HAVE_STDLIB_H 1
| #define HAVE_STRING_H 1
| #define HAVE_MEMORY_H 1
| #define HAVE_STRINGS_H 1
| #define HAVE_INTTYPES_H 1
| #define HAVE_STDINT_H 1
| #define HAVE_UNISTD_H 1
| /* end confdefs.h.  */
| #include <stdio.h>
| #ifdef HAVE_SYS_TYPES_H
| # include <sys/types.h>
| #endif
| #ifdef HAVE_SYS_STAT_H
| # include <sys/stat.h>
| #endif
| #ifdef STDC_HEADERS
| # include <stdlib.h>
| # include <stddef.h>
| #else
| # ifdef HAVE_STDLIB_H
| #  include <stdlib.h>
| # endif
| #endif
| #ifdef HAVE_STRING_H
| # if !defined STDC_HEADERS && defined HAVE_MEMORY_H
| #  include <memory.h>
| # endif
| # include <string.h>
| #endif
| #ifdef HAVE_STRINGS_H
| # include <strings.h>
| #endif
| #ifdef HAVE_INTTYPES_H
| # include <inttypes.h>
| #endif
| #ifdef HAVE_STDINT_H
| # include <stdint.h>
| #endif
| #ifdef HAVE_UNISTD_H
| # include <unistd.h>
| #endif
| int
| main ()
| {
| if (sizeof ((pid_t)))
| 	    return 0;
|   ;
|   return 0;
| }
configure:4037: result: yes
configure:4048: checking for C/C++ restrict keyword
configure:4073: mpic++ -c -g -O2  conftest.cpp >&5
configure:4073: $? = 0
configure:4081: result: __restrict
configure:4094: checking for size_t
configure:4094: mpic++ -c -g -O2  conftest.cpp >&5
configure:4094: $? = 0
configure:4094: mpic++ -c -g -O2  conftest.cpp >&5
conftest.cpp: In function 'int main()':
conftest.cpp:58:20: error: expected primary-expression before ')' token
 if (sizeof ((size_t)))
                    ^
configure:4094: $? = 1
configure: failed program was:
| /* confdefs.h */
| #define PACKAGE_NAME "PROPHet"
| #define PACKAGE_TARNAME "prophet"
| #define PACKAGE_VERSION "1.0"
| #define PACKAGE_STRING "PROPHet 1.0"
| #define PACKAGE_BUGREPORT "PROPhet-bugs@mit.edu"
| #define PACKAGE_URL ""
| #define HAVE_LIBX11 1
| #define HAVE_LIBM 1
| #define STDC_HEADERS 1
| #define HAVE_SYS_TYPES_H 1
| #define HAVE_SYS_STAT_H 1
| #define HAVE_STDLIB_H 1
| #define HAVE_STRING_H 1
| #define HAVE_MEMORY_H 1
| #define HAVE_STRINGS_H 1
| #define HAVE_INTTYPES_H 1
| #define HAVE_STDINT_H 1
| #define HAVE_UNISTD_H 1
| #define restrict __restrict
| /* end confdefs.h.  */
| #include <stdio.h>
| #ifdef HAVE_SYS_TYPES_H
| # include <sys/types.h>
| #endif
| #ifdef HAVE_SYS_STAT_H
| # include <sys/stat.h>
| #endif
| #ifdef STDC_HEADERS
| # include <stdlib.h>
| # include <stddef.h>
| #else
| # ifdef HAVE_STDLIB_H
| #  include <stdlib.h>
| # endif
| #endif
| #ifdef HAVE_STRING_H
| # if !defined STDC_HEADERS && defined HAVE_MEMORY_H
| #  include <memory.h>
| # endif
| # include <string.h>
| #endif
| #ifdef HAVE_STRINGS_H
| # include <strings.h>
| #endif
| #ifdef HAVE_INTTYPES_H
| # include <inttypes.h>
| #endif
| #ifdef HAVE_STDINT_H
| # include <stdint.h>
| #endif
| #ifdef HAVE_UNISTD_H
| # include <unistd.h>
| #endif
| int
| main ()
| {
| if (sizeof ((size_t)))
| 	    return 0;
|   ;
|   return 0;
| }
configure:4094: result: yes
configure:4105: checking for ssize_t
configure:4105: mpic++ -c -g -O2  conftest.cpp >&5
configure:4105: $? = 0
configure:4105: mpic++ -c -g -O2  conftest.cpp >&5
conftest.cpp: In function 'int main()':
conftest.cpp:58:21: error: expected primary-expression before ')' token
 if (sizeof ((ssize_t)))
                     ^
configure:4105: $? = 1
configure: failed program was:
| /* confdefs.h */
| #define PACKAGE_NAME "PROPHet"
| #define PACKAGE_TARNAME "prophet"
| #define PACKAGE_VERSION "1.0"
| #define PACKAGE_STRING "PROPHet 1.0"
| #define PACKAGE_BUGREPORT "PROPhet-bugs@mit.edu"
| #define PACKAGE_URL ""
| #define HAVE_LIBX11 1
| #define HAVE_LIBM 1
| #define STDC_HEADERS 1
| #define HAVE_SYS_TYPES_H 1
| #define HAVE_SYS_STAT_H 1
| #define HAVE_STDLIB_H 1
| #define HAVE_STRING_H 1
| #define HAVE_MEMORY_H 1
| #define HAVE_STRINGS_H 1
| #define HAVE_INTTYPES_H 1
| #define HAVE_STDINT_H 1
| #define HAVE_UNISTD_H 1
| #define restrict __restrict
| /* end confdefs.h.  */
| #include <stdio.h>
| #ifdef HAVE_SYS_TYPES_H
| # include <sys/types.h>
| #endif
| #ifdef HAVE_SYS_STAT_H
| # include <sys/stat.h>
| #endif
| #ifdef STDC_HEADERS
| # include <stdlib.h>
| # include <stddef.h>
| #else
| # ifdef HAVE_STDLIB_H
| #  include <stdlib.h>
| # endif
| #endif
| #ifdef HAVE_STRING_H
| # if !defined STDC_HEADERS && defined HAVE_MEMORY_H
| #  include <memory.h>
| # endif
| # include <string.h>
| #endif
| #ifdef HAVE_STRINGS_H
| # include <strings.h>
| #endif
| #ifdef HAVE_INTTYPES_H
| # include <inttypes.h>
| #endif
| #ifdef HAVE_STDINT_H
| # include <stdint.h>
| #endif
| #ifdef HAVE_UNISTD_H
| # include <unistd.h>
| #endif
| int
| main ()
| {
| if (sizeof ((ssize_t)))
| 	    return 0;
|   ;
|   return 0;
| }
configure:4105: result: yes
configure:4116: checking for uint16_t
configure:4116: mpic++ -c -g -O2  conftest.cpp >&5
configure:4116: $? = 0
configure:4116: result: yes
configure:4128: checking for uint32_t
configure:4128: mpic++ -c -g -O2  conftest.cpp >&5
configure:4128: $? = 0
configure:4128: result: yes
configure:4142: checking for uint64_t
configure:4142: mpic++ -c -g -O2  conftest.cpp >&5
configure:4142: $? = 0
configure:4142: result: yes
configure:4156: checking for uint8_t
configure:4156: mpic++ -c -g -O2  conftest.cpp >&5
configure:4156: $? = 0
configure:4156: result: yes
configure:4170: checking for ptrdiff_t
configure:4170: mpic++ -c -g -O2  conftest.cpp >&5
configure:4170: $? = 0
configure:4170: mpic++ -c -g -O2  conftest.cpp >&5
conftest.cpp: In function 'int main()':
conftest.cpp:58:23: error: expected primary-expression before ')' token
 if (sizeof ((ptrdiff_t)))
                       ^
configure:4170: $? = 1
configure: failed program was:
| /* confdefs.h */
| #define PACKAGE_NAME "PROPHet"
| #define PACKAGE_TARNAME "prophet"
| #define PACKAGE_VERSION "1.0"
| #define PACKAGE_STRING "PROPHet 1.0"
| #define PACKAGE_BUGREPORT "PROPhet-bugs@mit.edu"
| #define PACKAGE_URL ""
| #define HAVE_LIBX11 1
| #define HAVE_LIBM 1
| #define STDC_HEADERS 1
| #define HAVE_SYS_TYPES_H 1
| #define HAVE_SYS_STAT_H 1
| #define HAVE_STDLIB_H 1
| #define HAVE_STRING_H 1
| #define HAVE_MEMORY_H 1
| #define HAVE_STRINGS_H 1
| #define HAVE_INTTYPES_H 1
| #define HAVE_STDINT_H 1
| #define HAVE_UNISTD_H 1
| #define restrict __restrict
| /* end confdefs.h.  */
| #include <stdio.h>
| #ifdef HAVE_SYS_TYPES_H
| # include <sys/types.h>
| #endif
| #ifdef HAVE_SYS_STAT_H
| # include <sys/stat.h>
| #endif
| #ifdef STDC_HEADERS
| # include <stdlib.h>
| # include <stddef.h>
| #else
| # ifdef HAVE_STDLIB_H
| #  include <stdlib.h>
| # endif
| #endif
| #ifdef HAVE_STRING_H
| # if !defined STDC_HEADERS && defined HAVE_MEMORY_H
| #  include <memory.h>
| # endif
| # include <string.h>
| #endif
| #ifdef HAVE_STRINGS_H
| # include <strings.h>
| #endif
| #ifdef HAVE_INTTYPES_H
| # include <inttypes.h>
| #endif
| #ifdef HAVE_STDINT_H
| # include <stdint.h>
| #endif
| #ifdef HAVE_UNISTD_H
| # include <unistd.h>
| #endif
| int
| main ()
| {
| if (sizeof ((ptrdiff_t)))
| 	    return 0;
|   ;
|   return 0;
| }
configure:4170: result: yes
configure:4182: checking for error_at_line
configure:4198: mpic++ -o conftest -g -O2   conftest.cpp -lm -lX11  >&5
configure:4198: $? = 0
configure:4206: result: yes
configure:4219: checking for stdlib.h
configure:4219: result: yes
configure:4229: checking for GNU libc compatible malloc
configure:4253: mpic++ -o conftest -g -O2   conftest.cpp -lm -lX11  >&5
configure:4253: $? = 0
configure:4253: ./conftest
configure:4253: $? = 0
configure:4263: result: yes
configure:4286: checking for stdlib.h
configure:4286: result: yes
configure:4296: checking for GNU libc compatible realloc
configure:4320: mpic++ -o conftest -g -O2   conftest.cpp -lm -lX11  >&5
configure:4320: $? = 0
configure:4320: ./conftest
configure:4320: $? = 0
configure:4330: result: yes
configure:4351: checking for working strtod
configure:4392: mpic++ -o conftest -g -O2   conftest.cpp -lm -lX11  >&5
conftest.cpp: In function 'int main()':
conftest.cpp:69:20: warning: deprecated conversion from string constant to 'char*' [-Wwrite-strings]
     char *string = " +69";
                    ^
conftest.cpp:80:20: warning: deprecated conversion from string constant to 'char*' [-Wwrite-strings]
     char *string = "NaN";
                    ^
configure:4392: $? = 0
configure:4392: ./conftest
configure:4392: $? = 0
configure:4402: result: yes
configure:4467: checking for bzero
configure:4467: mpic++ -o conftest -g -O2   conftest.cpp -lm -lX11  >&5
configure:4467: $? = 0
configure:4467: result: yes
configure:4467: checking for clock_gettime
configure:4467: mpic++ -o conftest -g -O2   conftest.cpp -lm -lX11  >&5
configure:4467: $? = 0
configure:4467: result: yes
configure:4467: checking for floor
configure:4467: mpic++ -o conftest -g -O2   conftest.cpp -lm -lX11  >&5
configure:4467: $? = 0
configure:4467: result: yes
configure:4467: checking for ftruncate
configure:4467: mpic++ -o conftest -g -O2   conftest.cpp -lm -lX11  >&5
configure:4467: $? = 0
configure:4467: result: yes
configure:4467: checking for gethostbyname
configure:4467: mpic++ -o conftest -g -O2   conftest.cpp -lm -lX11  >&5
configure:4467: $? = 0
configure:4467: result: yes
configure:4467: checking for gettimeofday
configure:4467: mpic++ -o conftest -g -O2   conftest.cpp -lm -lX11  >&5
configure:4467: $? = 0
configure:4467: result: yes
configure:4467: checking for memmove
configure:4467: mpic++ -o conftest -g -O2   conftest.cpp -lm -lX11  >&5
configure:4467: $? = 0
configure:4467: result: yes
configure:4467: checking for memset
configure:4467: mpic++ -o conftest -g -O2   conftest.cpp -lm -lX11  >&5
configure:4467: $? = 0
configure:4467: result: yes
configure:4467: checking for mkdir
configure:4467: mpic++ -o conftest -g -O2   conftest.cpp -lm -lX11  >&5
configure:4467: $? = 0
configure:4467: result: yes
configure:4467: checking for pow
configure:4467: mpic++ -o conftest -g -O2   conftest.cpp -lm -lX11  >&5
configure:4467: $? = 0
configure:4467: result: yes
configure:4467: checking for putenv
configure:4467: mpic++ -o conftest -g -O2   conftest.cpp -lm -lX11  >&5
configure:4467: $? = 0
configure:4467: result: yes
configure:4467: checking for rmdir
configure:4467: mpic++ -o conftest -g -O2   conftest.cpp -lm -lX11  >&5
configure:4467: $? = 0
configure:4467: result: yes
configure:4467: checking for select
configure:4467: mpic++ -o conftest -g -O2   conftest.cpp -lm -lX11  >&5
configure:4467: $? = 0
configure:4467: result: yes
configure:4467: checking for socket
configure:4467: mpic++ -o conftest -g -O2   conftest.cpp -lm -lX11  >&5
configure:4467: $? = 0
configure:4467: result: yes
configure:4467: checking for sqrt
configure:4467: mpic++ -o conftest -g -O2   conftest.cpp -lm -lX11  >&5
configure:4467: $? = 0
configure:4467: result: yes
configure:4467: checking for strcasecmp
configure:4467: mpic++ -o conftest -g -O2   conftest.cpp -lm -lX11  >&5
configure:4467: $? = 0
configure:4467: result: yes
configure:4467: checking for strchr
configure:4467: mpic++ -o conftest -g -O2   conftest.cpp -lm -lX11  >&5
configure:4467: $? = 0
configure:4467: result: yes
configure:4467: checking for strcspn
configure:4467: mpic++ -o conftest -g -O2   conftest.cpp -lm -lX11  >&5
configure:4467: $? = 0
configure:4467: result: yes
configure:4467: checking for strdup
configure:4467: mpic++ -o conftest -g -O2   conftest.cpp -lm -lX11  >&5
configure:4467: $? = 0
configure:4467: result: yes
configure:4467: checking for strerror
configure:4467: mpic++ -o conftest -g -O2   conftest.cpp -lm -lX11  >&5
configure:4467: $? = 0
configure:4467: result: yes
configure:4467: checking for strpbrk
configure:4467: mpic++ -o conftest -g -O2   conftest.cpp -lm -lX11  >&5
configure:4467: $? = 0
configure:4467: result: yes
configure:4467: checking for strrchr
configure:4467: mpic++ -o conftest -g -O2   conftest.cpp -lm -lX11  >&5
configure:4467: $? = 0
configure:4467: result: yes
configure:4467: checking for strspn
configure:4467: mpic++ -o conftest -g -O2   conftest.cpp -lm -lX11  >&5
configure:4467: $? = 0
configure:4467: result: yes
configure:4467: checking for strstr
configure:4467: mpic++ -o conftest -g -O2   conftest.cpp -lm -lX11  >&5
configure:4467: $? = 0
configure:4467: result: yes
configure:4467: checking for strtol
configure:4467: mpic++ -o conftest -g -O2   conftest.cpp -lm -lX11  >&5
configure:4467: $? = 0
configure:4467: result: yes
configure:4467: checking for strtoul
configure:4467: mpic++ -o conftest -g -O2   conftest.cpp -lm -lX11  >&5
configure:4467: $? = 0
configure:4467: result: yes
configure:4467: checking for strtoull
configure:4467: mpic++ -o conftest -g -O2   conftest.cpp -lm -lX11  >&5
configure:4467: $? = 0
configure:4467: result: yes
configure:4630: creating ./config.status

## ---------------------- ##
## Running config.status. ##
## ---------------------- ##

This file was extended by PROPHet config.status 1.0, which was
generated by GNU Autoconf 2.69.  Invocation command line was

  CONFIG_FILES    = 
  CONFIG_HEADERS  = 
  CONFIG_LINKS    = 
  CONFIG_COMMANDS = 
  $ ./config.status 

on lutz

config.status:743: creating Makefile

## ---------------- ##
## Cache variables. ##
## ---------------- ##

ac_cv_c_inline=inline
ac_cv_c_int16_t=yes
ac_cv_c_int32_t=yes
ac_cv_c_int64_t=yes
ac_cv_c_int8_t=yes
ac_cv_c_restrict=__restrict
ac_cv_c_uint16_t=yes
ac_cv_c_uint32_t=yes
ac_cv_c_uint64_t=yes
ac_cv_c_uint8_t=yes
ac_cv_cxx_compiler_gnu=yes
ac_cv_env_CCC_set=
ac_cv_env_CCC_value=
ac_cv_env_CPPFLAGS_set=
ac_cv_env_CPPFLAGS_value=
ac_cv_env_CXXCPP_set=
ac_cv_env_CXXCPP_value=
ac_cv_env_CXXFLAGS_set=
ac_cv_env_CXXFLAGS_value=
ac_cv_env_CXX_set=
ac_cv_env_CXX_value=
ac_cv_env_LDFLAGS_set=
ac_cv_env_LDFLAGS_value=
ac_cv_env_LIBS_set=
ac_cv_env_LIBS_value=
ac_cv_env_MPICXX_set=
ac_cv_env_MPICXX_value=
ac_cv_env_build_alias_set=
ac_cv_env_build_alias_value=
ac_cv_env_host_alias_set=
ac_cv_env_host_alias_value=
ac_cv_env_target_alias_set=
ac_cv_env_target_alias_value=
ac_cv_func_bzero=yes
ac_cv_func_clock_gettime=yes
ac_cv_func_floor=yes
ac_cv_func_ftruncate=yes
ac_cv_func_gethostbyname=yes
ac_cv_func_gettimeofday=yes
ac_cv_func_malloc_0_nonnull=yes
ac_cv_func_memmove=yes
ac_cv_func_memset=yes
ac_cv_func_mkdir=yes
ac_cv_func_pow=yes
ac_cv_func_putenv=yes
ac_cv_func_realloc_0_nonnull=yes
ac_cv_func_rmdir=yes
ac_cv_func_select=yes
ac_cv_func_socket=yes
ac_cv_func_sqrt=yes
ac_cv_func_strcasecmp=yes
ac_cv_func_strchr=yes
ac_cv_func_strcspn=yes
ac_cv_func_strdup=yes
ac_cv_func_strerror=yes
ac_cv_func_strpbrk=yes
ac_cv_func_strrchr=yes
ac_cv_func_strspn=yes
ac_cv_func_strstr=yes
ac_cv_func_strtod=yes
ac_cv_func_strtol=yes
ac_cv_func_strtoul=yes
ac_cv_func_strtoull=yes
ac_cv_header_inttypes_h=yes
ac_cv_header_memory_h=yes
ac_cv_header_stdbool_h=yes
ac_cv_header_stdc=yes
ac_cv_header_stdint_h=yes
ac_cv_header_stdlib_h=yes
ac_cv_header_string_h=yes
ac_cv_header_strings_h=yes
ac_cv_header_sys_stat_h=yes
ac_cv_header_sys_types_h=yes
ac_cv_header_unistd_h=yes
ac_cv_lib_X11_XOpenDisplay=yes
ac_cv_lib_Xaw_XawPanedGetMinMax=no
ac_cv_lib_error_at_line=yes
ac_cv_lib_m_yn=yes
ac_cv_objext=o
ac_cv_path_EGREP='/bin/grep -E'
ac_cv_path_GREP=/bin/grep
ac_cv_path_install='/usr/bin/install -c'
ac_cv_prog_AWK=gawk
ac_cv_prog_CXXCPP='mpic++ -E'
ac_cv_prog_ac_ct_CXX=mpic++
ac_cv_prog_cxx_g=yes
ac_cv_prog_make_make_set=yes
ac_cv_type__Bool=no
ac_cv_type_pid_t=yes
ac_cv_type_ptrdiff_t=yes
ac_cv_type_size_t=yes
ac_cv_type_ssize_t=yes

## ----------------- ##
## Output variables. ##
## ----------------- ##

AWK='gawk'
CPPFLAGS=''
CXX='mpic++'
CXXCPP='mpic++ -E'
CXXFLAGS='-g -O2'
DEFS='-DPACKAGE_NAME=\"PROPHet\" -DPACKAGE_TARNAME=\"prophet\" -DPACKAGE_VERSION=\"1.0\" -DPACKAGE_STRING=\"PROPHet\ 1.0\" -DPACKAGE_BUGREPORT=\"PROPhet-bugs@mit.edu\" -DPACKAGE_URL=\"\" -DHAVE_LIBX11=1 -DHAVE_LIBM=1 -DSTDC_HEADERS=1 -DHAVE_SYS_TYPES_H=1 -DHAVE_SYS_STAT_H=1 -DHAVE_STDLIB_H=1 -DHAVE_STRING_H=1 -DHAVE_MEMORY_H=1 -DHAVE_STRINGS_H=1 -DHAVE_INTTYPES_H=1 -DHAVE_STDINT_H=1 -DHAVE_UNISTD_H=1 -Drestrict=__restrict -DHAVE_PTRDIFF_T=1 -DHAVE_STDLIB_H=1 -DHAVE_MALLOC=1 -DHAVE_STDLIB_H=1 -DHAVE_REALLOC=1 -DHAVE_BZERO=1 -DHAVE_CLOCK_GETTIME=1 -DHAVE_FLOOR=1 -DHAVE_FTRUNCATE=1 -DHAVE_GETHOSTBYNAME=1 -DHAVE_GETTIMEOFDAY=1 -DHAVE_MEMMOVE=1 -DHAVE_MEMSET=1 -DHAVE_MKDIR=1 -DHAVE_POW=1 -DHAVE_PUTENV=1 -DHAVE_RMDIR=1 -DHAVE_SELECT=1 -DHAVE_SOCKET=1 -DHAVE_SQRT=1 -DHAVE_STRCASECMP=1 -DHAVE_STRCHR=1 -DHAVE_STRCSPN=1 -DHAVE_STRDUP=1 -DHAVE_STRERROR=1 -DHAVE_STRPBRK=1 -DHAVE_STRRCHR=1 -DHAVE_STRSPN=1 -DHAVE_STRSTR=1 -DHAVE_STRTOL=1 -DHAVE_STRTOUL=1 -DHAVE_STRTOULL=1'
DLAMMPS=''
DUSE_MPI='-DUSE_MPI'
ECHO_C=''
ECHO_N='-n'
ECHO_T=''
EGREP='/bin/grep -E'
EPREFIX='../bin'
EXEEXT=''
GREP='/bin/grep'
INSTALL_DATA='${INSTALL} -m 644'
INSTALL_PROGRAM='${INSTALL}'
INSTALL_SCRIPT='${INSTALL}'
LAMMPS=''
LDFLAGS=''
LIBOBJS=''
LIBS='-lm -lX11 '
LN_S='ln -s'
LTLIBOBJS=''
MPICXX=''
NO_C11=''
OBJEXT='o'
PACKAGE_BUGREPORT='PROPhet-bugs@mit.edu'
PACKAGE_NAME='PROPHet'
PACKAGE_STRING='PROPHet 1.0'
PACKAGE_TARNAME='prophet'
PACKAGE_URL=''
PACKAGE_VERSION='1.0'
PATH_SEPARATOR=':'
POW_LIB=''
PREFIX='./bin'
SET_MAKE=''
SHELL='/bin/bash'
ac_ct_CXX='mpic++'
bindir='${exec_prefix}/bin'
build_alias=''
datadir='${datarootdir}'
datarootdir='${prefix}/share'
docdir='${datarootdir}/doc/${PACKAGE_TARNAME}'
dvidir='${docdir}'
exec_prefix='${prefix}'
host_alias=''
htmldir='${docdir}'
includedir='${prefix}/include'
infodir='${datarootdir}/info'
libdir='${exec_prefix}/lib'
libexecdir='${exec_prefix}/libexec'
localedir='${datarootdir}/locale'
localstatedir='${prefix}/var'
mandir='${datarootdir}/man'
oldincludedir='/usr/include'
pdfdir='${docdir}'
prefix='/usr/local'
program_transform_name='s,x,x,'
psdir='${docdir}'
sbindir='${exec_prefix}/sbin'
sharedstatedir='${prefix}/com'
sysconfdir='${prefix}/etc'
target_alias=''

## ----------- ##
## confdefs.h. ##
## ----------- ##

/* confdefs.h */
#define PACKAGE_NAME "PROPHet"
#define PACKAGE_TARNAME "prophet"
#define PACKAGE_VERSION "1.0"
#define PACKAGE_STRING "PROPHet 1.0"
#define PACKAGE_BUGREPORT "PROPhet-bugs@mit.edu"
#define PACKAGE_URL ""
#define HAVE_LIBX11 1
#define HAVE_LIBM 1
#define STDC_HEADERS 1
#define HAVE_SYS_TYPES_H 1
#define HAVE_SYS_STAT_H 1
#define HAVE_STDLIB_H 1
#define HAVE_STRING_H 1
#define HAVE_MEMORY_H 1
#define HAVE_STRINGS_H 1
#define HAVE_INTTYPES_H 1
#define HAVE_STDINT_H 1
#define HAVE_UNISTD_H 1
#define restrict __restrict
#define HAVE_PTRDIFF_T 1
#define HAVE_STDLIB_H 1
#define HAVE_MALLOC 1
#define HAVE_STDLIB_H 1
#define HAVE_REALLOC 1
#define HAVE_BZERO 1
#define HAVE_CLOCK_GETTIME 1
#define HAVE_FLOOR 1
#define HAVE_FTRUNCATE 1
#define HAVE_GETHOSTBYNAME 1
#define HAVE_GETTIMEOFDAY 1
#define HAVE_MEMMOVE 1
#define HAVE_MEMSET 1
#define HAVE_MKDIR 1
#define HAVE_POW 1
#define HAVE_PUTENV 1
#define HAVE_RMDIR 1
#define HAVE_SELECT 1
#define HAVE_SOCKET 1
#define HAVE_SQRT 1
#define HAVE_STRCASECMP 1
#define HAVE_STRCHR 1
#define HAVE_STRCSPN 1
#define HAVE_STRDUP 1
#define HAVE_STRERROR 1
#define HAVE_STRPBRK 1
#define HAVE_STRRCHR 1
#define HAVE_STRSPN 1
#define HAVE_STRSTR 1
#define HAVE_STRTOL 1
#define HAVE_STRTOUL 1
#define HAVE_STRTOULL 1

configure: exit 0
